0 info it worked if it ends with ok
1 verbose cli [ '/Users/36261/.nvm/versions/node/v5.0.0/bin/node',
1 verbose cli   '/Users/36261/.nvm/versions/node/v5.0.0/bin/npm',
1 verbose cli   'start' ]
2 info using npm@3.3.6
3 info using node@v5.0.0
4 verbose run-script [ 'prestart', 'start', 'poststart' ]
5 info lifecycle memory@0.0.1~prestart: memory@0.0.1
6 silly lifecycle memory@0.0.1~prestart: no script for prestart, continuing
7 info lifecycle memory@0.0.1~start: memory@0.0.1
8 verbose lifecycle memory@0.0.1~start: unsafe-perm in lifecycle true
9 verbose lifecycle memory@0.0.1~start: PATH: /Users/36261/.nvm/versions/node/v5.0.0/lib/node_modules/npm/bin/node-gyp-bin:/Users/36261/Devel/memory/node_modules/.bin:/Users/36261/.nvm/versions/node/v5.0.0/bin:/usr/local/bin:/usr/bin:/bin:/usr/sbin:/sbin
10 verbose lifecycle memory@0.0.1~start: CWD: /Users/36261/Devel/memory
11 silly lifecycle memory@0.0.1~start: Args: [ '-c', 'node webpack.server.js' ]
12 silly lifecycle memory@0.0.1~start: Returned: code: 1  signal: null
13 info lifecycle memory@0.0.1~start: Failed to exec start script
14 verbose stack Error: memory@0.0.1 start: `node webpack.server.js`
14 verbose stack Exit status 1
14 verbose stack     at EventEmitter.<anonymous> (/Users/36261/.nvm/versions/node/v5.0.0/lib/node_modules/npm/lib/utils/lifecycle.js:233:16)
14 verbose stack     at emitTwo (events.js:87:13)
14 verbose stack     at EventEmitter.emit (events.js:172:7)
14 verbose stack     at ChildProcess.<anonymous> (/Users/36261/.nvm/versions/node/v5.0.0/lib/node_modules/npm/lib/utils/spawn.js:24:14)
14 verbose stack     at emitTwo (events.js:87:13)
14 verbose stack     at ChildProcess.emit (events.js:172:7)
14 verbose stack     at maybeClose (internal/child_process.js:818:16)
14 verbose stack     at Process.ChildProcess._handle.onexit (internal/child_process.js:211:5)
15 verbose pkgid memory@0.0.1
16 verbose cwd /Users/36261/Devel/memory
17 error Darwin 14.5.0
18 error argv "/Users/36261/.nvm/versions/node/v5.0.0/bin/node" "/Users/36261/.nvm/versions/node/v5.0.0/bin/npm" "start"
19 error node v5.0.0
20 error npm  v3.3.6
21 error code ELIFECYCLE
22 error memory@0.0.1 start: `node webpack.server.js`
22 error Exit status 1
23 error Failed at the memory@0.0.1 start script 'node webpack.server.js'.
23 error This is most likely a problem with the memory package,
23 error not with npm itself.
23 error Tell the author that this fails on your system:
23 error     node webpack.server.js
23 error You can get their info via:
23 error     npm owner ls memory
23 error There is likely additional logging output above.
24 verbose exit [ 1, true ]
